2012-09-04 00:42:06,535 INFO [main] TitleParser [TitleParser.java:60] 29 pubmed ids found for title: The kidney in leptospirosis.
2012-09-04 00:42:09,437 INFO [main] TitleParser [TitleParser.java:60] 25 pubmed ids found for title: Drug-induced acute interstitial nephritis.
2012-09-04 00:42:10,479 INFO [main] TitleParser [TitleParser.java:60] 0 pubmed ids found for title: Systemic vasculitis with necrotic purpura and acute renal failure induced by azithromycin: A case report.
2012-09-04 00:42:12,704 INFO [main] TitleParser [TitleParser.java:60] 73 pubmed ids found for title: Cyclosporin in bone marrow transplantation.
2012-09-04 00:42:13,146 INFO [main] TitleParser [TitleParser.java:60] 6 pubmed ids found for title: Use of sirolimus in solid organ transplantation.
2012-09-04 00:42:14,591 INFO [main] TitleParser [TitleParser.java:60] 2 pubmed ids found for title: Extrapulmonary manifestations of Mycoplasma pneumoniae infection.
2012-09-04 00:42:15,024 INFO [main] TitleParser [TitleParser.java:60] 3 pubmed ids found for title: [Community-acquired pneumonia due to Legionella pneumophila serogroup 1.
2012-09-04 00:42:15,460 INFO [main] TitleParser [TitleParser.java:60] 3 pubmed ids found for title: Community-acquired pneumonia due to Legionella pneumophila serogroup 1.
2012-09-04 00:42:17,576 INFO [main] TitleParser [TitleParser.java:60] 0 pubmed ids found for title: Pre-operative application of only oral standard immunosuppression as induction and maintenance therapy decreases acute rejection after lung transplantation.
2012-09-04 00:42:18,460 INFO [main] TitleParser [TitleParser.java:60] 2 pubmed ids found for title: A single-pill combination of amlodipine besylate and atorvastatin calcium.
2012-09-04 00:42:18,909 INFO [main] TitleParser [TitleParser.java:60] 100 pubmed ids found for title: Toxoplasmosis.
2012-09-04 00:42:19,403 INFO [main] TitleParser [TitleParser.java:60] 0 pubmed ids found for title: CE: New drug update 2004 - Part 1.
2012-09-04 00:42:20,506 INFO [main] TitleParser [TitleParser.java:60] 0 pubmed ids found for title: Drug interactions and statin safety: A major factor in selection of therapy.
2012-09-04 00:42:21,462 INFO [main] TitleParser [TitleParser.java:60] 2 pubmed ids found for title: The role of tacrolimus in renal transplantation.
2012-09-04 00:42:22,504 INFO [main] TitleParser [TitleParser.java:60] 0 pubmed ids found for title: A case of ibuprofen, erythromycin and cimetidine overdose .
2012-09-04 00:42:22,991 INFO [main] TitleParser [TitleParser.java:60] 3 pubmed ids found for title: Acute renal failure during cephalothin therapy.
2012-09-04 00:42:23,409 INFO [main] TitleParser [TitleParser.java:60] 10 pubmed ids found for title: Fulminant psittacosis.
2012-09-04 00:42:23,831 INFO [main] TitleParser [TitleParser.java:60] 25 pubmed ids found for title: Drug-induced acute interstitial nephritis.
2012-09-04 00:42:24,799 INFO [main] TitleParser [TitleParser.java:60] 0 pubmed ids found for title: A pharmacokinetic interactions between clarithromycin and sirolimus in kidney transplant recipient.
2012-09-04 00:42:25,683 INFO [main] TitleParser [TitleParser.java:60] 20 pubmed ids found for title: Legionnaires' disease and acute renal failure.
2012-09-04 00:42:26,255 INFO [main] TitleParser [TitleParser.java:60] 0 pubmed ids found for title: Clinically relevant drug interactions and adverse effects of antimicrobial agents.
2012-09-04 00:42:27,560 INFO [main] TitleParser [TitleParser.java:60] 28 pubmed ids found for title: Nutrition support in the critically ill patient.
2012-09-04 00:42:28,112 INFO [main] TitleParser [TitleParser.java:60] 0 pubmed ids found for title: Acute renal failure associated with combined antibiotic therapy.
2012-09-04 00:42:29,125 INFO [main] TitleParser [TitleParser.java:60] 3 pubmed ids found for title: Acute renal failure in children: diagnosis and treatment.
2012-09-04 00:42:29,522 INFO [main] TitleParser [TitleParser.java:60] 2 pubmed ids found for title: The statins as anticancer agents.
2012-09-04 00:42:30,451 INFO [main] TitleParser [TitleParser.java:60] 4 pubmed ids found for title: The Use of Intravenous Immunoglobulin in Autoimmune Bullous Diseases.
2012-09-04 00:42:30,906 INFO [main] TitleParser [TitleParser.java:60] 4 pubmed ids found for title: The Use of Intravenous Immunoglobulin in Autoimmune Bullous Diseases.
2012-09-04 00:42:32,679 INFO [main] TitleParser [TitleParser.java:60] 0 pubmed ids found for title: Acute renal failure, erythrodermia and adenopathy during carbamazepine treatment.
2012-09-04 00:42:33,232 INFO [main] TitleParser [TitleParser.java:60] 0 pubmed ids found for title: A rare case of staphylococcal scalded skin syndrome complicated by acute generalized exanthematous pustulosis in a 3-year-old boy.
2012-09-04 00:42:33,646 INFO [main] TitleParser [TitleParser.java:60] 11 pubmed ids found for title: Complications of hepatic chemoembolization.
2012-09-04 00:42:35,563 INFO [main] TitleParser [TitleParser.java:60] 32 pubmed ids found for title: Imatinib: In relapsed or refractory Philadelphia chromosome-positive acute lymphoblastic leukaemia.
2012-09-04 00:42:37,045 INFO [main] TitleParser [TitleParser.java:60] 3 pubmed ids found for title: Brown spiders and loxoscelism.
2012-09-04 00:42:39,368 INFO [main] TitleParser [TitleParser.java:60] 0 pubmed ids found for title: Maximal initiative dose of simvastatin causing acute renal failure through rhabdomyolysis: Risk factors, pathomechanism and therapy related to a case.
2012-09-04 00:42:39,785 INFO [main] TitleParser [TitleParser.java:60] 0 pubmed ids found for title: 2009:HS3-HS13.
2012-09-04 00:42:40,347 INFO [main] TitleParser [TitleParser.java:60] 2 pubmed ids found for title: Pharmacology of Commonly Used Analgesics and Sedatives in the ICU: Benzodiazepines, Propofol, and Opioids.
2012-09-04 00:42:41,891 INFO [main] TitleParser [TitleParser.java:60] 25 pubmed ids found for title: Drug-induced acute interstitial nephritis.
2012-09-04 00:42:42,323 INFO [main] TitleParser [TitleParser.java:60] 100 pubmed ids found for title: Lung transplantation.
2012-09-04 00:42:43,828 INFO [main] TitleParser [TitleParser.java:60] 0 pubmed ids found for title: Lercanidipine and enalapril combination therapy for the treatment of hypertension.
2012-09-04 00:42:46,187 INFO [main] TitleParser [TitleParser.java:60] 2 pubmed ids found for title: The road to Stockholm.
2012-09-04 00:42:47,628 INFO [main] TitleParser [TitleParser.java:60] 0 pubmed ids found for title: Report of case: Leptospirosis after exposure to alligator carcass.
2012-09-04 00:42:48,036 INFO [main] TitleParser [TitleParser.java:60] 21 pubmed ids found for title: Linear immunoglobulin A bullous dermatosis.
2012-09-04 00:42:48,505 INFO [main] TitleParser [TitleParser.java:60] 0 pubmed ids found for title: Drug-induced acute renal failure: Keys to recognizing and treating intrarenal toxicity.
2012-09-04 00:42:50,463 INFO [main] TitleParser [TitleParser.java:60] 2 pubmed ids found for title: The safety of clozapine in the elderly.
2012-09-04 00:42:51,912 INFO [main] TitleParser [TitleParser.java:60] 100 pubmed ids found for title: Acute interstitial nephritis.
2012-09-04 00:42:52,733 INFO [main] TitleParser [TitleParser.java:60] 3 pubmed ids found for title: Legionnaires' disease in South Australia.
2012-09-04 00:42:55,076 INFO [main] TitleParser [TitleParser.java:60] 0 pubmed ids found for title: Acute generalized exanthematous pustulosis: About a case probably due to drug assumption.
2012-09-04 00:42:55,495 INFO [main] TitleParser [TitleParser.java:60] 0 pubmed ids found for title: The issue of statin safety: Where do we stand? Circulation 2005;111(23):3016-3019.
2012-09-04 00:42:55,942 INFO [main] TitleParser [TitleParser.java:60] 18 pubmed ids found for title: Complications of antimicrobial therapy.
2012-09-04 00:42:56,416 INFO [main] TitleParser [TitleParser.java:60] 0 pubmed ids found for title: Cold hemagglutinin hemolysis and hypercoagulable state due to mycoplasma pneumoniae.
2012-09-04 00:42:58,835 INFO [main] TitleParser [TitleParser.java:60] 100 pubmed ids found for title: Treatment of lupus nephritis.
2012-09-04 00:42:59,292 INFO [main] TitleParser [TitleParser.java:60] 0 pubmed ids found for title: (4) Drug-induced renal disorders.
2012-09-04 00:42:59,787 INFO [main] TitleParser [TitleParser.java:60] 0 pubmed ids found for title: Medical emergencies in Human Immunodeficiency Virus (HIV) infection.
2012-09-04 00:43:00,340 INFO [main] TitleParser [TitleParser.java:60] 0 pubmed ids found for title: Imatinib mesylate (Gleevec(registered trademark)/Glivec(registered trademark)): A new therapy for chronic myeloid leukemia and other malignancies.
2012-09-04 00:43:01,207 INFO [main] TitleParser [TitleParser.java:60] 55 pubmed ids found for title: Drug-induced nephrotoxicity.
2012-09-04 00:43:02,627 INFO [main] TitleParser [TitleParser.java:60] 100 pubmed ids found for title: Back pain; A complication of a sore throat.
2012-09-04 00:43:04,464 INFO [main] TitleParser [TitleParser.java:60] 0 pubmed ids found for title: Suspected cardiotoxicity of clarithromycin in critically ill patients.
2012-09-04 00:43:07,500 INFO [main] TitleParser [TitleParser.java:60] 2 pubmed ids found for title: Mycoplasma pneumoniae infection in a child after renal transplantation.
2012-09-04 00:43:07,944 INFO [main] TitleParser [TitleParser.java:60] 0 pubmed ids found for title: Cardiac tamponade as manifestation of rickettsial infection.
2012-09-04 00:43:08,448 INFO [main] TitleParser [TitleParser.java:60] 2 pubmed ids found for title: Streptococcal toxic shock syndrome: Report of two cases.
2012-09-04 00:43:12,237 INFO [main] TitleParser [TitleParser.java:60] 0 pubmed ids found for title: A case of kayexalate-induced colonic necrosis with rare complications.
2012-09-04 00:43:15,132 INFO [main] TitleParser [TitleParser.java:60] 100 pubmed ids found for title: Leptospirosis.
2012-09-04 00:43:18,033 INFO [main] TitleParser [TitleParser.java:60] 3 pubmed ids found for title: Rhabdomyolysis associated with influenza A virus infection.
2012-09-04 00:43:18,521 INFO [main] TitleParser [TitleParser.java:60] 2 pubmed ids found for title: Clinical Pharmacokinetics of Atorvastatin.
2012-09-04 00:43:19,429 INFO [main] TitleParser [TitleParser.java:60] 49 pubmed ids found for title: Staphylococcal pulmonary infections.
2012-09-04 00:43:19,991 INFO [main] TitleParser [TitleParser.java:60] 2 pubmed ids found for title: Legionnaires' disease with acute renal failure: Report of two cases.
2012-09-04 00:43:20,423 INFO [main] TitleParser [TitleParser.java:60] 8 pubmed ids found for title: Acute interstitial nephritis due to drugs.
2012-09-04 00:43:20,859 INFO [main] TitleParser [TitleParser.java:60] 25 pubmed ids found for title: Drug-induced acute interstitial nephritis.
2012-09-04 00:43:21,375 INFO [main] TitleParser [TitleParser.java:60] 100 pubmed ids found for title: Acute renal failure.
2012-09-04 00:43:21,886 INFO [main] TitleParser [TitleParser.java:60] 0 pubmed ids found for title: Fatal rhabdomyolysis due to drug interaction between simvastatin and sodium fusidate in a patient with diabetic foot osteomyelitis.
2012-09-04 00:43:24,197 INFO [main] TitleParser [TitleParser.java:60] 0 pubmed ids found for title: Drug dosing consideration in patients with acute and chronic kidney diseasea clinical update from Kidney Disease: Improving Global Outcomes (KDIGO).
2012-09-04 00:43:25,214 INFO [main] TitleParser [TitleParser.java:60] 2 pubmed ids found for title: Fixed-dose lercanidipine/enalapril for hypertension.
2012-09-04 00:43:26,654 INFO [main] TitleParser [TitleParser.java:60] 2 pubmed ids found for title: Consistency between causality assessments obtained with two scales and their agreement with clinical judgments in hepatotoxicity.
2012-09-04 00:43:27,707 INFO [main] TitleParser [TitleParser.java:60] 0 pubmed ids found for title: Fulminant hepatitis during Legionella pneumophila infection.
2012-09-04 00:43:29,274 INFO [main] TitleParser [TitleParser.java:60] 0 pubmed ids found for title: Flu pandemic (H1N1) v in pregnants, experience in an intensive care unit obstetrician-gynecologist.
2012-09-04 00:43:32,375 INFO [main] TitleParser [TitleParser.java:60] 0 pubmed ids found for title: Pulmonary mucormycosis diagnosed by brushing cytology.
2012-09-04 00:43:36,037 INFO [main] TitleParser [TitleParser.java:60] 64 pubmed ids found for title: Burkholderia pseudomallei infection, or melioidosis, and nephrotic syndrome.
2012-09-04 00:43:36,953 INFO [main] TitleParser [TitleParser.java:60] 0 pubmed ids found for title: Pharmaco-therapy with continuous hemofiltration CAVH/CVVH.
2012-09-04 00:43:39,908 INFO [main] TitleParser [TitleParser.java:60] 3 pubmed ids found for title: Acute renal failure in Legionnaire's disease.
2012-09-04 00:43:44,097 INFO [main] TitleParser [TitleParser.java:60] 2 pubmed ids found for title: Clinical Profile of Scrub Typhus in Children.
2012-09-04 00:43:46,119 INFO [main] TitleParser [TitleParser.java:60] 0 pubmed ids found for title: Optimizing antiepileptic treatment.
2012-09-04 00:43:46,559 INFO [main] TitleParser [TitleParser.java:60] 13 pubmed ids found for title: Simvastatin: A review.
2012-09-04 00:43:48,004 INFO [main] TitleParser [TitleParser.java:60] 25 pubmed ids found for title: Drug-induced acute interstitial nephritis.
2012-09-04 00:43:48,458 INFO [main] TitleParser [TitleParser.java:60] 0 pubmed ids found for title: Global challenge of multidrug-resistant Acinetobacter baumanni.
2012-09-04 00:43:48,867 INFO [main] TitleParser [TitleParser.java:60] 0 pubmed ids found for title: Multi-organ dysfunction in a returning traveler due to leptospirosis.
2012-09-04 00:43:50,562 INFO [main] TitleParser [TitleParser.java:60] 50 pubmed ids found for title: [Complications of Leukemia and Their Treatment].
2012-09-04 00:43:51,819 INFO [main] TitleParser [TitleParser.java:60] 3 pubmed ids found for title: [Influenza A(H1N1) epidemic in Argentina.
2012-09-04 00:43:52,241 INFO [main] TitleParser [TitleParser.java:60] 3 pubmed ids found for title: Influenza A(H1N1) epidemic in Argentina.
2012-09-04 00:43:53,468 INFO [main] TitleParser [TitleParser.java:60] 0 pubmed ids found for title: Beyond the usual infiltrate: Legionella pneumophila causing multiorgan system failure.
2012-09-04 00:43:53,926 INFO [main] TitleParser [TitleParser.java:60] 3 pubmed ids found for title: Time-dependent CYP inhibition.
2012-09-04 00:43:54,947 INFO [main] TitleParser [TitleParser.java:60] 0 pubmed ids found for title: New developments in therapeutic agents for Legionnaires' disease.
2012-09-04 00:43:56,967 INFO [main] TitleParser [TitleParser.java:60] 0 pubmed ids found for title: Clarithromycin-induced acute interstitial nephritis and minimal change disease.
2012-09-04 00:43:57,439 INFO [main] TitleParser [TitleParser.java:60] 0 pubmed ids found for title: Reversible acute renal failure due to chinese herbs.
2012-09-04 00:43:58,481 INFO [main] TitleParser [TitleParser.java:60] 0 pubmed ids found for title: Fever, leuko cytosis and zoonotic exposure - Diagnosing leptospirosis.
2012-09-04 00:43:59,077 INFO [main] TitleParser [TitleParser.java:60] 0 pubmed ids found for title: Chemotherapeutic problems in the patient with acute and chronic renal insufficiency.
2012-09-04 00:44:00,177 INFO [main] TitleParser [TitleParser.java:60] 0 pubmed ids found for title: Acute renal failure after erythromycin: Case report.
2012-09-04 00:44:00,664 INFO [main] TitleParser [TitleParser.java:60] 100 pubmed ids found for title: Acute renal failure.
2012-09-04 00:44:01,125 INFO [main] TitleParser [TitleParser.java:60] 14 pubmed ids found for title: Pharmacokinetics of continuous renal replacement therapy.
2012-09-04 00:44:02,599 INFO [main] TitleParser [TitleParser.java:60] 100 pubmed ids found for title: Rhabdomyolysis.
2012-09-04 00:44:03,538 INFO [main] TitleParser [TitleParser.java:60] 3 pubmed ids found for title: Fortuitous vasculitis.
2012-09-04 00:44:07,962 INFO [main] TitleParser [TitleParser.java:60] 0 pubmed ids found for title: ISMP adverse drug reactions: Cisplatin ototoxicity; hepatitis associated with fluoxetine interstitial nephritis and omeprazole; acute renal failure related to intravenous immune globulin; CNS disturbances with clarithromycin.
2012-09-04 00:44:09,278 INFO [main] TitleParser [TitleParser.java:60] 0 pubmed ids found for title: Acute respiratory failure and acute kidney failure due to psittacosis.
2012-09-04 00:44:11,689 INFO [main] TitleParser [TitleParser.java:60] 4 pubmed ids found for title: [Treatment refractory fever.
2012-09-04 00:44:13,300 INFO [main] TitleParser [TitleParser.java:60] 0 pubmed ids found for title: Drug dosing in acute renal failures: The role of renal replacement therapy in altering drug pharmacokinetics.
2012-09-04 00:44:13,696 INFO [main] TitleParser [TitleParser.java:60] 0 pubmed ids found for title: , 2009:172-179.
2012-09-04 00:44:14,906 INFO [main] TitleParser [TitleParser.java:60] 100 pubmed ids found for title: Systemic sclerosis.
2012-09-04 00:44:15,487 INFO [main] TitleParser [TitleParser.java:60] 0 pubmed ids found for title: Impact of everolimus: Update on immunosuppressive therapy strategies and patient outcomes after renal transplantation.
2012-09-04 00:44:16,813 INFO [main] TitleParser [TitleParser.java:60] 4 pubmed ids found for title: Review of the newer antiepileptic drugs.
2012-09-04 00:44:18,245 INFO [main] TitleParser [TitleParser.java:60] 0 pubmed ids found for title: Do we not underrate the nephrotoxicity of drugs? Vnitrni Lekarstvi 2002;48(5):396-402.
2012-09-04 00:44:18,668 INFO [main] TitleParser [TitleParser.java:60] 5 pubmed ids found for title: Chlamydia pneumoniae myocarditis .
2012-09-04 00:44:19,113 INFO [main] TitleParser [TitleParser.java:60] 100 pubmed ids found for title: Severe community-acquired pneumonia.
2012-09-04 00:44:19,975 INFO [main] TitleParser [TitleParser.java:60] 14 pubmed ids found for title: Campylobacter cholecystitis.
2012-09-04 00:44:21,409 INFO [main] TitleParser [TitleParser.java:60] 6 pubmed ids found for title: Legionnaires' disease with rhabdomyolysis and acute renal failure .
2012-09-04 00:44:26,211 INFO [main] TitleParser [TitleParser.java:60] 0 pubmed ids found for title: Transfusional toxoplasmosis, cardiovascular disorders, diabete mellitus and thalidomide.
2012-09-04 00:44:30,079 INFO [main] TitleParser [TitleParser.java:60] 20 pubmed ids found for title: Legionnaires' disease with acute renal failure.
2012-09-04 00:44:30,563 INFO [main] TitleParser [TitleParser.java:60] 20 pubmed ids found for title: Legionnaires' disease with acute renal failure.
2012-09-04 00:44:38,910 ERROR [main] TitleParser [TitleParser.java:95] 22475340
2012-09-04 00:44:38,913 ERROR [main] TitleParser [TitleParser.java:95] 22665690
2012-09-04 00:44:38,913 ERROR [main] TitleParser [TitleParser.java:95] 22863901
2012-09-04 00:44:38,914 ERROR [main] TitleParser [TitleParser.java:95] 12804322
2012-09-04 00:44:38,915 ERROR [main] TitleParser [TitleParser.java:95] 21699674
2012-09-04 00:44:38,915 ERROR [main] TitleParser [TitleParser.java:95] 22561321
